Using pre-set license
Built from '2020.3/staging' branch; Version is '2020.3.19f1 (68f137dc9bbe) revision 6877495'; Using compiler version '192528614'; Build Type 'Release'
OS: 'Windows 10 Home; OS build 19043.1237; Version 2009; 64bit' Language: 'en' Physical Memory: 15767 MB
BatchMode: 1, IsHumanControllingUs: 0, StartBugReporterOnCrash: 0, Is64bit: 1, IsPro: 0

COMMAND LINE ARGUMENTS:
C:\Program Files\Unity\Hub\Editor\2020.3.19f1\Editor\Unity.exe
-adb2
-batchMode
-noUpm
-name
AssetImportWorker0
-projectPath
C:/Users/james/Documents/repos/Hide-and-Seek
-logFile
Logs/AssetImportWorker0.log
-srvPort
65510
Successfully changed project path to: C:/Users/james/Documents/repos/Hide-and-Seek
C:/Users/james/Documents/repos/Hide-and-Seek
Using Asset Import Pipeline V2.
Refreshing native plugins compatible for Editor in 33.81 ms, found 2 plugins.
Preloading 0 native plugins for Editor in 0.00 ms.
Initialize engine version: 2020.3.19f1 (68f137dc9bbe)
[Subsystems] Discovering subsystems at path C:/Program Files/Unity/Hub/Editor/2020.3.19f1/Editor/Data/Resources/UnitySubsystems
[Subsystems] Discovering subsystems at path C:/Users/james/Documents/repos/Hide-and-Seek/Assets
GfxDevice: creating device client; threaded=0
Direct3D:
    Version:  Direct3D 11.0 [level 11.1]
    Renderer: AMD Radeon RX 5600M (ID=0x731f)
    Vendor:   
    VRAM:     6099 MB
    Driver:   27.20.1023.1001
Initialize mono
Mono path[0] = 'C:/Program Files/Unity/Hub/Editor/2020.3.19f1/Editor/Data/Managed'
Mono path[1] = 'C:/Program Files/Unity/Hub/Editor/2020.3.19f1/Editor/Data/MonoBleedingEdge/lib/mono/unityjit'
Mono config path = 'C:/Program Files/Unity/Hub/Editor/2020.3.19f1/Editor/Data/MonoBleedingEdge/etc'
Using monoOptions --debugger-agent=transport=dt_socket,embedding=1,server=y,suspend=n,address=127.0.0.1:56068
Begin MonoManager ReloadAssembly
Registering precompiled unity dll's ...
Register platform support module: C:/Program Files/Unity/Hub/Editor/2020.3.19f1/Editor/Data/PlaybackEngines/WebGLSupport/UnityEditor.WebGL.Extensions.dll
Register platform support module: C:/Program Files/Unity/Hub/Editor/2020.3.19f1/Editor/Data/PlaybackEngines/WindowsStandaloneSupport/UnityEditor.WindowsStandalone.Extensions.dll
Registered in 0.001724 seconds.
Native extension for WindowsStandalone target not found
Native extension for WebGL target not found
Refreshing native plugins compatible for Editor in 34.98 ms, found 2 plugins.
Preloading 0 native plugins for Editor in 0.00 ms.
Mono: successfully reloaded assembly
- Completed reload, in  1.078 seconds
Domain Reload Profiling:
	ReloadAssembly (1078ms)
		BeginReloadAssembly (50ms)
			ExecutionOrderSort (0ms)
			DisableScriptedObjects (0ms)
			BackupInstance (0ms)
			ReleaseScriptingObjects (0ms)
			CreateAndSetChildDomain (1ms)
		EndReloadAssembly (397ms)
			LoadAssemblies (48ms)
			RebuildTransferFunctionScriptingTraits (0ms)
			SetupTypeCache (142ms)
			ReleaseScriptCaches (0ms)
			RebuildScriptCaches (33ms)
			SetupLoadedEditorAssemblies (156ms)
				LogAssemblyErrors (0ms)
				InitializePlatformSupportModulesInManaged (5ms)
				SetLoadedEditorAssemblies (0ms)
				RefreshPlugins (35ms)
				BeforeProcessingInitializeOnLoad (10ms)
				ProcessInitializeOnLoadAttributes (78ms)
				ProcessInitializeOnLoadMethodAttributes (27ms)
				AfterProcessingInitializeOnLoad (0ms)
				EditorAssembliesLoaded (0ms)
			ExecutionOrderSort2 (0ms)
			AwakeInstancesAfterBackupRestoration (0ms)
Platform modules already initialized, skipping
Registering precompiled user dll's ...
Registered in 0.002086 seconds.
Begin MonoManager ReloadAssembly
Native extension for WindowsStandalone target not found
Native extension for WebGL target not found
Refreshing native plugins compatible for Editor in 0.35 ms, found 2 plugins.
Preloading 0 native plugins for Editor in 0.00 ms.
Mono: successfully reloaded assembly
- Completed reload, in  0.900 seconds
Domain Reload Profiling:
	ReloadAssembly (901ms)
		BeginReloadAssembly (127ms)
			ExecutionOrderSort (0ms)
			DisableScriptedObjects (4ms)
			BackupInstance (0ms)
			ReleaseScriptingObjects (0ms)
			CreateAndSetChildDomain (18ms)
		EndReloadAssembly (715ms)
			LoadAssemblies (75ms)
			RebuildTransferFunctionScriptingTraits (0ms)
			SetupTypeCache (243ms)
			ReleaseScriptCaches (0ms)
			RebuildScriptCaches (42ms)
			SetupLoadedEditorAssemblies (266ms)
				LogAssemblyErrors (0ms)
				InitializePlatformSupportModulesInManaged (6ms)
				SetLoadedEditorAssemblies (0ms)
				RefreshPlugins (0ms)
				BeforeProcessingInitializeOnLoad (50ms)
				ProcessInitializeOnLoadAttributes (200ms)
				ProcessInitializeOnLoadMethodAttributes (5ms)
				AfterProcessingInitializeOnLoad (5ms)
				EditorAssembliesLoaded (0ms)
			ExecutionOrderSort2 (0ms)
			AwakeInstancesAfterBackupRestoration (6ms)
Platform modules already initialized, skipping
========================================================================
Worker process is ready to serve import requests
Launched and connected shader compiler UnityShaderCompiler.exe after 0.08 seconds
Refreshing native plugins compatible for Editor in 0.35 ms, found 2 plugins.
Preloading 0 native plugins for Editor in 0.00 ms.
Unloading 1666 Unused Serialized files (Serialized files now loaded: 0)
System memory in use before: 74.2 MB.
System memory in use after: 74.2 MB.

Unloading 16 unused Assets to reduce memory usage. Loaded Objects now: 2101.
Total: 2.979300 ms (FindLiveObjects: 0.246800 ms CreateObjectMapping: 0.080300 ms MarkObjects: 2.577300 ms  DeleteObjects: 0.073100 ms)

AssetImportParameters requested are different than current active one (requested -> active):
  custom:framework-win-MediaFoundation: 216162199b28c13a410421893ffa2e32 -> 
  custom:video-decoder-ogg-theora: a1e56fd34408186e4bbccfd4996cb3dc -> 
  custom:container-muxer-webm: aa71ff27fc2769a1b78a27578f13a17b -> 
  custom:container-demuxer-webm: 4f35f7cbe854078d1ac9338744f61a02 -> 
  custom:container-demuxer-ogg: 62fdf1f143b41e24485cea50d1cbac27 -> 
  custom:video-encoder-webm-vp8: eb34c28f22e8b96e1ab97ce403110664 -> 
  custom:video-decoder-webm-vp8: 9c59270c3fd7afecdb556c50c9e8de78 -> 
  custom:audio-decoder-ogg-vorbis: bf7c407c2cedff20999df2af8eb42d56 -> 
  custom:audio-encoder-webm-vorbis: bf7c407c2cedff20999df2af8eb42d56 -> 
========================================================================
Received Import Request.
  path: Assets/FImpossible Creations
  artifactKey: Guid(0bfa79095347870428440ab0e91403d9) Importer(815301076,1909f56bfc062723c751e8b465ee728b)
Start importing Assets/FImpossible Creations using Guid(0bfa79095347870428440ab0e91403d9) Importer(815301076,1909f56bfc062723c751e8b465ee728b)  -> (artifact id: '3b7c46a5a1216455c7886356d5d9c9eb') in 0.010559 seconds 
  Import took 0.013107 seconds .

========================================================================
Received Import Request.
  Time since last request: 104.997588 seconds.
  path: Assets/FSTest.asset
  artifactKey: Guid(7a3e11ad0806b0b46b8a065cf0fb9b76) Importer(815301076,1909f56bfc062723c751e8b465ee728b)
Start importing Assets/FSTest.asset using Guid(7a3e11ad0806b0b46b8a065cf0fb9b76) Importer(815301076,1909f56bfc062723c751e8b465ee728b)  -> (artifact id: '65d0f08eeb21909f59788b3dd933f6f3') in 0.217559 seconds 
  Import took 0.220398 seconds .

========================================================================
Received Import Request.
  Time since last request: 0.078105 seconds.
  path: Assets/FSTest.asset
  artifactKey: Guid(7a3e11ad0806b0b46b8a065cf0fb9b76) Importer(815301076,1909f56bfc062723c751e8b465ee728b)
Start importing Assets/FSTest.asset using Guid(7a3e11ad0806b0b46b8a065cf0fb9b76) Importer(815301076,1909f56bfc062723c751e8b465ee728b)  -> (artifact id: '663bf655415429e9bb6311652c573111') in 0.015331 seconds 
  Import took 0.018524 seconds .

========================================================================
Received Import Request.
  Time since last request: 16.859595 seconds.
  path: Assets/FSTest.asset
  artifactKey: Guid(7a3e11ad0806b0b46b8a065cf0fb9b76) Importer(815301076,1909f56bfc062723c751e8b465ee728b)
Start importing Assets/FSTest.asset using Guid(7a3e11ad0806b0b46b8a065cf0fb9b76) Importer(815301076,1909f56bfc062723c751e8b465ee728b)  -> (artifact id: 'af370f05b22dafab4c8358097a2ae2c1') in 0.005648 seconds 
  Import took 0.008915 seconds .

========================================================================
Received Import Request.
  Time since last request: 3.922341 seconds.
  path: Assets/FImpossible Creations/Plugins - Level Design/PGG/Core/CoreResources/FieldMod_ExampleDoorHole.asset
  artifactKey: Guid(7500e28d48a8ac44da90dfc8719e91ef) Importer(815301076,1909f56bfc062723c751e8b465ee728b)
Start importing Assets/FImpossible Creations/Plugins - Level Design/PGG/Core/CoreResources/FieldMod_ExampleDoorHole.asset using Guid(7500e28d48a8ac44da90dfc8719e91ef) Importer(815301076,1909f56bfc062723c751e8b465ee728b)  -> (artifact id: 'ce0f22c875c920e7bc936cc72643f974') in 0.012678 seconds 
  Import took 0.016828 seconds .

========================================================================
Received Import Request.
  Time since last request: 0.000270 seconds.
  path: Assets/FImpossible Creations/Plugins - Level Design/PGG/Core/CoreResources/FieldMod_ExampleWallRemover.asset
  artifactKey: Guid(c5bd286613ebcb24c932c8d5e7f79f9b) Importer(815301076,1909f56bfc062723c751e8b465ee728b)
Start importing Assets/FImpossible Creations/Plugins - Level Design/PGG/Core/CoreResources/FieldMod_ExampleWallRemover.asset using Guid(c5bd286613ebcb24c932c8d5e7f79f9b) Importer(815301076,1909f56bfc062723c751e8b465ee728b)  -> (artifact id: '1bbfe3754f38f5aa433f63960478512c') in 0.013773 seconds 
  Import took 0.018378 seconds .

========================================================================
Received Import Request.
  Time since last request: 0.000256 seconds.
  path: Assets/FImpossible Creations/Plugins - Level Design/PGG/Core/CoreResources/FieldMod_ExampleWallRemover_Scaled2.asset
  artifactKey: Guid(bb8b79d726bb4f2419ec1b1ecb3cdc78) Importer(815301076,1909f56bfc062723c751e8b465ee728b)
Start importing Assets/FImpossible Creations/Plugins - Level Design/PGG/Core/CoreResources/FieldMod_ExampleWallRemover_Scaled2.asset using Guid(bb8b79d726bb4f2419ec1b1ecb3cdc78) Importer(815301076,1909f56bfc062723c751e8b465ee728b)  -> (artifact id: 'b981030e90f23ec2f248413cc70c8e70') in 0.015594 seconds 
  Import took 0.018782 seconds .

========================================================================
Received Import Request.
  Time since last request: 0.000302 seconds.
  path: Assets/FImpossible Creations/Plugins - Level Design/PGG/Core/CoreResources/FieldMod_ExampleDoorHoleSimple.asset
  artifactKey: Guid(68bac228372976843b3926af3aba82c5) Importer(815301076,1909f56bfc062723c751e8b465ee728b)
Start importing Assets/FImpossible Creations/Plugins - Level Design/PGG/Core/CoreResources/FieldMod_ExampleDoorHoleSimple.asset using Guid(68bac228372976843b3926af3aba82c5) Importer(815301076,1909f56bfc062723c751e8b465ee728b)  -> (artifact id: 'fd077fe50ee41ee8dcfbdc7cedda6c6e') in 0.009531 seconds 
  Import took 0.012887 seconds .

========================================================================
Received Import Request.
  Time since last request: 31.457422 seconds.
  path: Assets/FSTest.asset
  artifactKey: Guid(7a3e11ad0806b0b46b8a065cf0fb9b76) Importer(815301076,1909f56bfc062723c751e8b465ee728b)
Start importing Assets/FSTest.asset using Guid(7a3e11ad0806b0b46b8a065cf0fb9b76) Importer(815301076,1909f56bfc062723c751e8b465ee728b)  -> (artifact id: '3aef0035fc1ab1e29c663a87e7b26f73') in 0.007607 seconds 
  Import took 0.011376 seconds .

========================================================================
Received Import Request.
  Time since last request: 0.597065 seconds.
  path: Assets/FSTest.asset
  artifactKey: Guid(7a3e11ad0806b0b46b8a065cf0fb9b76) Importer(815301076,1909f56bfc062723c751e8b465ee728b)
Start importing Assets/FSTest.asset using Guid(7a3e11ad0806b0b46b8a065cf0fb9b76) Importer(815301076,1909f56bfc062723c751e8b465ee728b)  -> (artifact id: '237033d55a61c6456fea02defa28a93d') in 0.004997 seconds 
  Import took 0.007745 seconds .

========================================================================
Received Import Request.
  Time since last request: 39.289734 seconds.
  path: Assets/FSTest.asset
  artifactKey: Guid(7a3e11ad0806b0b46b8a065cf0fb9b76) Importer(815301076,1909f56bfc062723c751e8b465ee728b)
Start importing Assets/FSTest.asset using Guid(7a3e11ad0806b0b46b8a065cf0fb9b76) Importer(815301076,1909f56bfc062723c751e8b465ee728b)  -> (artifact id: '50f36c7e0cd7812ea29f5d329c4cca29') in 0.005595 seconds 
  Import took 0.008631 seconds .

========================================================================
Received Import Request.
  Time since last request: 20.666397 seconds.
  path: Assets/Models/Entry.fbx
  artifactKey: Guid(42601ef8037d0f449b4bfced94ce33e9) Importer(815301076,1909f56bfc062723c751e8b465ee728b)
Start importing Assets/Models/Entry.fbx using Guid(42601ef8037d0f449b4bfced94ce33e9) Importer(815301076,1909f56bfc062723c751e8b465ee728b)  -> (artifact id: 'd9e1297211e4cdc2ae89042ef65f96bb') in 0.609974 seconds 
  Import took 0.612965 seconds .

========================================================================
Received Import Request.
  Time since last request: 0.000200 seconds.
  path: Assets/Models/Wall.fbx
  artifactKey: Guid(8bd7aa43cb7dd39429880cc5407de701) Importer(815301076,1909f56bfc062723c751e8b465ee728b)
Start importing Assets/Models/Wall.fbx using Guid(8bd7aa43cb7dd39429880cc5407de701) Importer(815301076,1909f56bfc062723c751e8b465ee728b)  -> (artifact id: '1651bb5212719ca9a39d7e58e42b7c8e') in 0.043923 seconds 
  Import took 0.046851 seconds .

========================================================================
Received Import Request.
  Time since last request: 57.099700 seconds.
  path: Assets/Models/PR_Wall.prefab
  artifactKey: Guid(87e526109f16fbe488c63d11d045f904) Importer(815301076,1909f56bfc062723c751e8b465ee728b)
Start importing Assets/Models/PR_Wall.prefab using Guid(87e526109f16fbe488c63d11d045f904) Importer(815301076,1909f56bfc062723c751e8b465ee728b)  -> (artifact id: 'b20d0cf0af880eca8fff4ba1249948a9') in 0.016292 seconds 
  Import took 0.019687 seconds .

========================================================================
Received Import Request.
  Time since last request: 20.788621 seconds.
  path: Assets/Models/PR_Wall.prefab
  artifactKey: Guid(87e526109f16fbe488c63d11d045f904) Importer(815301076,1909f56bfc062723c751e8b465ee728b)
Start importing Assets/Models/PR_Wall.prefab using Guid(87e526109f16fbe488c63d11d045f904) Importer(815301076,1909f56bfc062723c751e8b465ee728b)  -> (artifact id: '2f7afb848f88c7704ee07ca8ee7696ee') in 0.009950 seconds 
  Import took 0.013367 seconds .

========================================================================
Received Import Request.
  Time since last request: 949.105984 seconds.
  path: Assets/FSTest.asset
  artifactKey: Guid(7a3e11ad0806b0b46b8a065cf0fb9b76) Importer(815301076,1909f56bfc062723c751e8b465ee728b)
Start importing Assets/FSTest.asset using Guid(7a3e11ad0806b0b46b8a065cf0fb9b76) Importer(815301076,1909f56bfc062723c751e8b465ee728b)  -> (artifact id: '757028d8ee9e1c0dfac97ba5b4303cfa') in 0.008882 seconds 
  Import took 0.012115 seconds .

========================================================================
Received Import Request.
  Time since last request: 412.459278 seconds.
  path: Assets/Models/PR_Entry.prefab
  artifactKey: Guid(26d1c771a201c2745a7c15dfedbd8778) Importer(815301076,1909f56bfc062723c751e8b465ee728b)
Start importing Assets/Models/PR_Entry.prefab using Guid(26d1c771a201c2745a7c15dfedbd8778) Importer(815301076,1909f56bfc062723c751e8b465ee728b)  -> (artifact id: '5b04052519e92ca31bd15afd7f29adc5') in 0.033111 seconds 
  Import took 0.036120 seconds .

========================================================================
Received Import Request.
  Time since last request: 0.909348 seconds.
  path: Assets/FSTest.asset
  artifactKey: Guid(7a3e11ad0806b0b46b8a065cf0fb9b76) Importer(815301076,1909f56bfc062723c751e8b465ee728b)
Start importing Assets/FSTest.asset using Guid(7a3e11ad0806b0b46b8a065cf0fb9b76) Importer(815301076,1909f56bfc062723c751e8b465ee728b)  -> (artifact id: '32fae073634786d067dc85b898922ba4') in 0.013388 seconds 
  Import took 0.017389 seconds .

========================================================================
Received Import Request.
  Time since last request: 0.010252 seconds.
  path: Assets/Models/PR_Entry.prefab
  artifactKey: Guid(26d1c771a201c2745a7c15dfedbd8778) Importer(815301076,1909f56bfc062723c751e8b465ee728b)
Start importing Assets/Models/PR_Entry.prefab using Guid(26d1c771a201c2745a7c15dfedbd8778) Importer(815301076,1909f56bfc062723c751e8b465ee728b)  -> (artifact id: '645cee9c11753c59827b69c2d9f5e110') in 0.010558 seconds 
  Import took 0.013828 seconds .

========================================================================
Received Import Request.
  Time since last request: 132.751047 seconds.
  path: Assets/FSTest.asset
  artifactKey: Guid(7a3e11ad0806b0b46b8a065cf0fb9b76) Importer(815301076,1909f56bfc062723c751e8b465ee728b)
Start importing Assets/FSTest.asset using Guid(7a3e11ad0806b0b46b8a065cf0fb9b76) Importer(815301076,1909f56bfc062723c751e8b465ee728b)  -> (artifact id: 'ea7d52ac95679e670f42ff41aab5cb2f') in 0.012919 seconds 
  Import took 0.018731 seconds .

========================================================================
Received Import Request.
  Time since last request: 33.980930 seconds.
  path: Assets/FSTest.asset
  artifactKey: Guid(7a3e11ad0806b0b46b8a065cf0fb9b76) Importer(815301076,1909f56bfc062723c751e8b465ee728b)
Start importing Assets/FSTest.asset using Guid(7a3e11ad0806b0b46b8a065cf0fb9b76) Importer(815301076,1909f56bfc062723c751e8b465ee728b)  -> (artifact id: 'b13e22a237813939258ece6922fc5a8b') in 0.005160 seconds 
  Import took 0.008614 seconds .

========================================================================
Received Import Request.
  Time since last request: 73.145730 seconds.
  path: Assets/FSTest.asset
  artifactKey: Guid(7a3e11ad0806b0b46b8a065cf0fb9b76) Importer(815301076,1909f56bfc062723c751e8b465ee728b)
Start importing Assets/FSTest.asset using Guid(7a3e11ad0806b0b46b8a065cf0fb9b76) Importer(815301076,1909f56bfc062723c751e8b465ee728b)  -> (artifact id: '006d8b0b759255f6867453f07130525f') in 0.004328 seconds 
  Import took 0.007863 seconds .

========================================================================
Received Import Request.
  Time since last request: 38.827184 seconds.
  path: Assets/FSTest.asset
  artifactKey: Guid(7a3e11ad0806b0b46b8a065cf0fb9b76) Importer(815301076,1909f56bfc062723c751e8b465ee728b)
Start importing Assets/FSTest.asset using Guid(7a3e11ad0806b0b46b8a065cf0fb9b76) Importer(815301076,1909f56bfc062723c751e8b465ee728b)  -> (artifact id: '6d5a96d3b34fb8c91cc174cee2736b79') in 0.005891 seconds 
  Import took 0.008497 seconds .

========================================================================
Received Import Request.
  Time since last request: 42.895928 seconds.
  path: Assets/FSTest.asset
  artifactKey: Guid(7a3e11ad0806b0b46b8a065cf0fb9b76) Importer(815301076,1909f56bfc062723c751e8b465ee728b)
Start importing Assets/FSTest.asset using Guid(7a3e11ad0806b0b46b8a065cf0fb9b76) Importer(815301076,1909f56bfc062723c751e8b465ee728b)  -> (artifact id: 'edbcadd29021fa4e050719e130c1adc6') in 0.005900 seconds 
  Import took 0.009646 seconds .

========================================================================
Received Import Request.
  Time since last request: 8.041867 seconds.
  path: Assets/FSTest.asset
  artifactKey: Guid(7a3e11ad0806b0b46b8a065cf0fb9b76) Importer(815301076,1909f56bfc062723c751e8b465ee728b)
Start importing Assets/FSTest.asset using Guid(7a3e11ad0806b0b46b8a065cf0fb9b76) Importer(815301076,1909f56bfc062723c751e8b465ee728b)  -> (artifact id: '0687dd2fecfc02d776dec5ed048421d8') in 0.004796 seconds 
  Import took 0.007913 seconds .

========================================================================
Received Import Request.
  Time since last request: 0.000311 seconds.
  path: Assets/Walls.asset
  artifactKey: Guid(1d1d67d6ab7b62a4b9e0378585aa2203) Importer(815301076,1909f56bfc062723c751e8b465ee728b)
Start importing Assets/Walls.asset using Guid(1d1d67d6ab7b62a4b9e0378585aa2203) Importer(815301076,1909f56bfc062723c751e8b465ee728b)  -> (artifact id: '34dfb368ad88d872599467e83ecfc31b') in 0.007557 seconds 
  Import took 0.010289 seconds .

========================================================================
Received Import Request.
  Time since last request: 92.994807 seconds.
  path: Assets/FSTest.asset
  artifactKey: Guid(7a3e11ad0806b0b46b8a065cf0fb9b76) Importer(815301076,1909f56bfc062723c751e8b465ee728b)
Start importing Assets/FSTest.asset using Guid(7a3e11ad0806b0b46b8a065cf0fb9b76) Importer(815301076,1909f56bfc062723c751e8b465ee728b)  -> (artifact id: '6038f0c4c7e3a921a4a4ba077abd2c8d') in 0.006690 seconds 
  Import took 0.014592 seconds .

========================================================================
Received Import Request.
  Time since last request: 11.610333 seconds.
  path: Assets/FSTest.asset
  artifactKey: Guid(7a3e11ad0806b0b46b8a065cf0fb9b76) Importer(815301076,1909f56bfc062723c751e8b465ee728b)
Start importing Assets/FSTest.asset using Guid(7a3e11ad0806b0b46b8a065cf0fb9b76) Importer(815301076,1909f56bfc062723c751e8b465ee728b)  -> (artifact id: 'fcf4fe818a0347e50e05cd3784bfebd1') in 0.005633 seconds 
  Import took 0.009220 seconds .

========================================================================
Received Import Request.
  Time since last request: 29.909980 seconds.
  path: Assets/FSTest.asset
  artifactKey: Guid(7a3e11ad0806b0b46b8a065cf0fb9b76) Importer(815301076,1909f56bfc062723c751e8b465ee728b)
Start importing Assets/FSTest.asset using Guid(7a3e11ad0806b0b46b8a065cf0fb9b76) Importer(815301076,1909f56bfc062723c751e8b465ee728b)  -> (artifact id: '412561902dc9c689e62a138d55ae534c') in 0.010363 seconds 
  Import took 0.013793 seconds .

========================================================================
Received Import Request.
  Time since last request: 8.136737 seconds.
  path: Assets/FSTest.asset
  artifactKey: Guid(7a3e11ad0806b0b46b8a065cf0fb9b76) Importer(815301076,1909f56bfc062723c751e8b465ee728b)
Start importing Assets/FSTest.asset using Guid(7a3e11ad0806b0b46b8a065cf0fb9b76) Importer(815301076,1909f56bfc062723c751e8b465ee728b)  -> (artifact id: 'a5fe6f246d594a6bf356dd4fd5f20ba1') in 0.008623 seconds 
  Import took 0.011598 seconds .

========================================================================
Received Prepare
Registering precompiled user dll's ...
Registered in 0.002014 seconds.
Begin MonoManager ReloadAssembly
Native extension for WindowsStandalone target not found
Native extension for WebGL target not found
Refreshing native plugins compatible for Editor in 0.50 ms, found 2 plugins.
Preloading 0 native plugins for Editor in 0.00 ms.
Mono: successfully reloaded assembly
- Completed reload, in  0.894 seconds
Domain Reload Profiling:
	ReloadAssembly (895ms)
		BeginReloadAssembly (130ms)
			ExecutionOrderSort (0ms)
			DisableScriptedObjects (4ms)
			BackupInstance (0ms)
			ReleaseScriptingObjects (0ms)
			CreateAndSetChildDomain (45ms)
		EndReloadAssembly (706ms)
			LoadAssemblies (76ms)
			RebuildTransferFunctionScriptingTraits (0ms)
			SetupTypeCache (249ms)
			ReleaseScriptCaches (1ms)
			RebuildScriptCaches (39ms)
			SetupLoadedEditorAssemblies (245ms)
				LogAssemblyErrors (0ms)
				InitializePlatformSupportModulesInManaged (6ms)
				SetLoadedEditorAssemblies (1ms)
				RefreshPlugins (1ms)
				BeforeProcessingInitializeOnLoad (47ms)
				ProcessInitializeOnLoadAttributes (182ms)
				ProcessInitializeOnLoadMethodAttributes (3ms)
				AfterProcessingInitializeOnLoad (5ms)
				EditorAssembliesLoaded (0ms)
			ExecutionOrderSort2 (0ms)
			AwakeInstancesAfterBackupRestoration (6ms)
Platform modules already initialized, skipping
Refreshing native plugins compatible for Editor in 0.34 ms, found 2 plugins.
Preloading 0 native plugins for Editor in 0.00 ms.
Unloading 1660 Unused Serialized files (Serialized files now loaded: 0)
System memory in use before: 77.5 MB.
System memory in use after: 77.6 MB.

Unloading 11 unused Assets to reduce memory usage. Loaded Objects now: 2146.
Total: 2.892400 ms (FindLiveObjects: 0.183300 ms CreateObjectMapping: 0.041000 ms MarkObjects: 2.638500 ms  DeleteObjects: 0.027800 ms)

AssetImportParameters requested are different than current active one (requested -> active):
  custom:framework-win-MediaFoundation: 216162199b28c13a410421893ffa2e32 -> 
  custom:video-decoder-ogg-theora: a1e56fd34408186e4bbccfd4996cb3dc -> 
  custom:container-muxer-webm: aa71ff27fc2769a1b78a27578f13a17b -> 
  custom:container-demuxer-webm: 4f35f7cbe854078d1ac9338744f61a02 -> 
  custom:container-demuxer-ogg: 62fdf1f143b41e24485cea50d1cbac27 -> 
  custom:video-encoder-webm-vp8: eb34c28f22e8b96e1ab97ce403110664 -> 
  custom:video-decoder-webm-vp8: 9c59270c3fd7afecdb556c50c9e8de78 -> 
  custom:audio-decoder-ogg-vorbis: bf7c407c2cedff20999df2af8eb42d56 -> 
  custom:audio-encoder-webm-vorbis: bf7c407c2cedff20999df2af8eb42d56 -> 
========================================================================
Received Prepare
Registering precompiled user dll's ...
Registered in 0.002111 seconds.
Begin MonoManager ReloadAssembly
Native extension for WindowsStandalone target not found
Native extension for WebGL target not found
Refreshing native plugins compatible for Editor in 0.53 ms, found 2 plugins.
Preloading 0 native plugins for Editor in 0.00 ms.
Mono: successfully reloaded assembly
- Completed reload, in  0.949 seconds
Domain Reload Profiling:
	ReloadAssembly (950ms)
		BeginReloadAssembly (108ms)
			ExecutionOrderSort (0ms)
			DisableScriptedObjects (4ms)
			BackupInstance (0ms)
			ReleaseScriptingObjects (0ms)
			CreateAndSetChildDomain (31ms)
		EndReloadAssembly (769ms)
			LoadAssemblies (91ms)
			RebuildTransferFunctionScriptingTraits (0ms)
			SetupTypeCache (267ms)
			ReleaseScriptCaches (1ms)
			RebuildScriptCaches (37ms)
			SetupLoadedEditorAssemblies (284ms)
				LogAssemblyErrors (0ms)
				InitializePlatformSupportModulesInManaged (7ms)
				SetLoadedEditorAssemblies (1ms)
				RefreshPlugins (1ms)
				BeforeProcessingInitializeOnLoad (56ms)
				ProcessInitializeOnLoadAttributes (209ms)
				ProcessInitializeOnLoadMethodAttributes (4ms)
				AfterProcessingInitializeOnLoad (6ms)
				EditorAssembliesLoaded (0ms)
			ExecutionOrderSort2 (0ms)
			AwakeInstancesAfterBackupRestoration (7ms)
Platform modules already initialized, skipping
Refreshing native plugins compatible for Editor in 0.33 ms, found 2 plugins.
Preloading 0 native plugins for Editor in 0.00 ms.
Unloading 1660 Unused Serialized files (Serialized files now loaded: 0)
System memory in use before: 77.6 MB.
System memory in use after: 77.7 MB.

Unloading 11 unused Assets to reduce memory usage. Loaded Objects now: 2148.
Total: 3.213400 ms (FindLiveObjects: 0.192900 ms CreateObjectMapping: 0.052000 ms MarkObjects: 2.943300 ms  DeleteObjects: 0.023000 ms)

AssetImportParameters requested are different than current active one (requested -> active):
  custom:framework-win-MediaFoundation: 216162199b28c13a410421893ffa2e32 -> 
  custom:video-decoder-ogg-theora: a1e56fd34408186e4bbccfd4996cb3dc -> 
  custom:container-muxer-webm: aa71ff27fc2769a1b78a27578f13a17b -> 
  custom:container-demuxer-webm: 4f35f7cbe854078d1ac9338744f61a02 -> 
  custom:container-demuxer-ogg: 62fdf1f143b41e24485cea50d1cbac27 -> 
  custom:video-encoder-webm-vp8: eb34c28f22e8b96e1ab97ce403110664 -> 
  custom:video-decoder-webm-vp8: 9c59270c3fd7afecdb556c50c9e8de78 -> 
  custom:audio-decoder-ogg-vorbis: bf7c407c2cedff20999df2af8eb42d56 -> 
  custom:audio-encoder-webm-vorbis: bf7c407c2cedff20999df2af8eb42d56 -> 
========================================================================
Received Prepare
Registering precompiled user dll's ...
Registered in 0.002473 seconds.
Begin MonoManager ReloadAssembly
Native extension for WindowsStandalone target not found
Native extension for WebGL target not found
Refreshing native plugins compatible for Editor in 0.34 ms, found 2 plugins.
Preloading 0 native plugins for Editor in 0.00 ms.
Mono: successfully reloaded assembly
- Completed reload, in  0.871 seconds
Domain Reload Profiling:
	ReloadAssembly (871ms)
		BeginReloadAssembly (101ms)
			ExecutionOrderSort (0ms)
			DisableScriptedObjects (4ms)
			BackupInstance (0ms)
			ReleaseScriptingObjects (0ms)
			CreateAndSetChildDomain (28ms)
		EndReloadAssembly (709ms)
			LoadAssemblies (88ms)
			RebuildTransferFunctionScriptingTraits (0ms)
			SetupTypeCache (240ms)
			ReleaseScriptCaches (1ms)
			RebuildScriptCaches (34ms)
			SetupLoadedEditorAssemblies (254ms)
				LogAssemblyErrors (0ms)
				InitializePlatformSupportModulesInManaged (5ms)
				SetLoadedEditorAssemblies (0ms)
				RefreshPlugins (0ms)
				BeforeProcessingInitializeOnLoad (48ms)
				ProcessInitializeOnLoadAttributes (193ms)
				ProcessInitializeOnLoadMethodAttributes (3ms)
				AfterProcessingInitializeOnLoad (5ms)
				EditorAssembliesLoaded (0ms)
			ExecutionOrderSort2 (0ms)
			AwakeInstancesAfterBackupRestoration (6ms)
Platform modules already initialized, skipping
Refreshing native plugins compatible for Editor in 0.35 ms, found 2 plugins.
Preloading 0 native plugins for Editor in 0.00 ms.
Unloading 1660 Unused Serialized files (Serialized files now loaded: 0)
System memory in use before: 77.6 MB.
System memory in use after: 77.7 MB.

Unloading 11 unused Assets to reduce memory usage. Loaded Objects now: 2150.
Total: 2.982300 ms (FindLiveObjects: 0.247200 ms CreateObjectMapping: 0.079400 ms MarkObjects: 2.634800 ms  DeleteObjects: 0.018700 ms)

AssetImportParameters requested are different than current active one (requested -> active):
  custom:framework-win-MediaFoundation: 216162199b28c13a410421893ffa2e32 -> 
  custom:video-decoder-ogg-theora: a1e56fd34408186e4bbccfd4996cb3dc -> 
  custom:container-muxer-webm: aa71ff27fc2769a1b78a27578f13a17b -> 
  custom:container-demuxer-webm: 4f35f7cbe854078d1ac9338744f61a02 -> 
  custom:container-demuxer-ogg: 62fdf1f143b41e24485cea50d1cbac27 -> 
  custom:video-encoder-webm-vp8: eb34c28f22e8b96e1ab97ce403110664 -> 
  custom:video-decoder-webm-vp8: 9c59270c3fd7afecdb556c50c9e8de78 -> 
  custom:audio-decoder-ogg-vorbis: bf7c407c2cedff20999df2af8eb42d56 -> 
  custom:audio-encoder-webm-vorbis: bf7c407c2cedff20999df2af8eb42d56 -> 
========================================================================
Received Prepare
Registering precompiled user dll's ...
Registered in 0.002069 seconds.
Begin MonoManager ReloadAssembly
Native extension for WindowsStandalone target not found
Native extension for WebGL target not found
Refreshing native plugins compatible for Editor in 0.43 ms, found 2 plugins.
Preloading 0 native plugins for Editor in 0.00 ms.
Mono: successfully reloaded assembly
- Completed reload, in  0.969 seconds
Domain Reload Profiling:
	ReloadAssembly (970ms)
		BeginReloadAssembly (105ms)
			ExecutionOrderSort (0ms)
			DisableScriptedObjects (6ms)
			BackupInstance (0ms)
			ReleaseScriptingObjects (0ms)
			CreateAndSetChildDomain (30ms)
		EndReloadAssembly (805ms)
			LoadAssemblies (81ms)
			RebuildTransferFunctionScriptingTraits (0ms)
			SetupTypeCache (284ms)
			ReleaseScriptCaches (1ms)
			RebuildScriptCaches (42ms)
			SetupLoadedEditorAssemblies (287ms)
				LogAssemblyErrors (0ms)
				InitializePlatformSupportModulesInManaged (6ms)
				SetLoadedEditorAssemblies (1ms)
				RefreshPlugins (1ms)
				BeforeProcessingInitializeOnLoad (52ms)
				ProcessInitializeOnLoadAttributes (219ms)
				ProcessInitializeOnLoadMethodAttributes (4ms)
				AfterProcessingInitializeOnLoad (5ms)
				EditorAssembliesLoaded (0ms)
			ExecutionOrderSort2 (0ms)
			AwakeInstancesAfterBackupRestoration (7ms)
Platform modules already initialized, skipping
Refreshing native plugins compatible for Editor in 0.43 ms, found 2 plugins.
Preloading 0 native plugins for Editor in 0.00 ms.
Unloading 1660 Unused Serialized files (Serialized files now loaded: 0)
System memory in use before: 77.6 MB.
System memory in use after: 77.7 MB.

Unloading 11 unused Assets to reduce memory usage. Loaded Objects now: 2152.
Total: 2.895000 ms (FindLiveObjects: 0.186200 ms CreateObjectMapping: 0.041100 ms MarkObjects: 2.642900 ms  DeleteObjects: 0.022800 ms)

AssetImportParameters requested are different than current active one (requested -> active):
  custom:framework-win-MediaFoundation: 216162199b28c13a410421893ffa2e32 -> 
  custom:video-decoder-ogg-theora: a1e56fd34408186e4bbccfd4996cb3dc -> 
  custom:container-muxer-webm: aa71ff27fc2769a1b78a27578f13a17b -> 
  custom:container-demuxer-webm: 4f35f7cbe854078d1ac9338744f61a02 -> 
  custom:container-demuxer-ogg: 62fdf1f143b41e24485cea50d1cbac27 -> 
  custom:video-encoder-webm-vp8: eb34c28f22e8b96e1ab97ce403110664 -> 
  custom:video-decoder-webm-vp8: 9c59270c3fd7afecdb556c50c9e8de78 -> 
  custom:audio-decoder-ogg-vorbis: bf7c407c2cedff20999df2af8eb42d56 -> 
  custom:audio-encoder-webm-vorbis: bf7c407c2cedff20999df2af8eb42d56 -> 
========================================================================
Received Import Request.
  Time since last request: 1849.229867 seconds.
  path: Assets/FSTest.asset
  artifactKey: Guid(7a3e11ad0806b0b46b8a065cf0fb9b76) Importer(815301076,1909f56bfc062723c751e8b465ee728b)
Start importing Assets/FSTest.asset using Guid(7a3e11ad0806b0b46b8a065cf0fb9b76) Importer(815301076,1909f56bfc062723c751e8b465ee728b)  -> (artifact id: 'cfbb0d6e93e45a12f3f6dff5eb34ae7a') in 0.046952 seconds 
  Import took 0.050641 seconds .

========================================================================
Received Import Request.
  Time since last request: 0.726329 seconds.
  path: Assets/FSTest.asset
  artifactKey: Guid(7a3e11ad0806b0b46b8a065cf0fb9b76) Importer(815301076,1909f56bfc062723c751e8b465ee728b)
Start importing Assets/FSTest.asset using Guid(7a3e11ad0806b0b46b8a065cf0fb9b76) Importer(815301076,1909f56bfc062723c751e8b465ee728b)  -> (artifact id: '28b579be3ad7d7dffb2a1e4524026e2c') in 0.009465 seconds 
  Import took 0.012767 seconds .

========================================================================
Received Import Request.
  Time since last request: 6.157947 seconds.
  path: Assets/FSTest.asset
  artifactKey: Guid(7a3e11ad0806b0b46b8a065cf0fb9b76) Importer(815301076,1909f56bfc062723c751e8b465ee728b)
Start importing Assets/FSTest.asset using Guid(7a3e11ad0806b0b46b8a065cf0fb9b76) Importer(815301076,1909f56bfc062723c751e8b465ee728b)  -> (artifact id: '0e59c555dd47ee6510253b2f88c32a2c') in 0.006804 seconds 
  Import took 0.010164 seconds .

========================================================================
Received Import Request.
  Time since last request: 57.607492 seconds.
  path: Assets/FSTest.asset
  artifactKey: Guid(7a3e11ad0806b0b46b8a065cf0fb9b76) Importer(815301076,1909f56bfc062723c751e8b465ee728b)
Start importing Assets/FSTest.asset using Guid(7a3e11ad0806b0b46b8a065cf0fb9b76) Importer(815301076,1909f56bfc062723c751e8b465ee728b)  -> (artifact id: 'd8e1d7ea1036c2f1e017e7bbef07a1a2') in 0.009951 seconds 
  Import took 0.014597 seconds .

========================================================================
Received Import Request.
  Time since last request: 0.448583 seconds.
  path: Assets/FSTest.asset
  artifactKey: Guid(7a3e11ad0806b0b46b8a065cf0fb9b76) Importer(815301076,1909f56bfc062723c751e8b465ee728b)
Start importing Assets/FSTest.asset using Guid(7a3e11ad0806b0b46b8a065cf0fb9b76) Importer(815301076,1909f56bfc062723c751e8b465ee728b)  -> (artifact id: '38c89dfd0a15d250541e69d23dfbcdd7') in 0.007723 seconds 
  Import took 0.010916 seconds .

========================================================================
Received Prepare
Registering precompiled user dll's ...
Registered in 0.002183 seconds.
Begin MonoManager ReloadAssembly
Native extension for WindowsStandalone target not found
Native extension for WebGL target not found
Refreshing native plugins compatible for Editor in 0.37 ms, found 2 plugins.
Preloading 0 native plugins for Editor in 0.00 ms.
Mono: successfully reloaded assembly
- Completed reload, in  0.897 seconds
Domain Reload Profiling:
	ReloadAssembly (897ms)
		BeginReloadAssembly (108ms)
			ExecutionOrderSort (0ms)
			DisableScriptedObjects (4ms)
			BackupInstance (0ms)
			ReleaseScriptingObjects (0ms)
			CreateAndSetChildDomain (30ms)
		EndReloadAssembly (724ms)
			LoadAssemblies (80ms)
			RebuildTransferFunctionScriptingTraits (0ms)
			SetupTypeCache (243ms)
			ReleaseScriptCaches (1ms)
			RebuildScriptCaches (36ms)
			SetupLoadedEditorAssemblies (263ms)
				LogAssemblyErrors (0ms)
				InitializePlatformSupportModulesInManaged (5ms)
				SetLoadedEditorAssemblies (0ms)
				RefreshPlugins (0ms)
				BeforeProcessingInitializeOnLoad (53ms)
				ProcessInitializeOnLoadAttributes (196ms)
				ProcessInitializeOnLoadMethodAttributes (4ms)
				AfterProcessingInitializeOnLoad (5ms)
				EditorAssembliesLoaded (0ms)
			ExecutionOrderSort2 (0ms)
			AwakeInstancesAfterBackupRestoration (7ms)
Platform modules already initialized, skipping
Refreshing native plugins compatible for Editor in 0.64 ms, found 2 plugins.
Preloading 0 native plugins for Editor in 0.00 ms.
Unloading 1660 Unused Serialized files (Serialized files now loaded: 0)
System memory in use before: 77.6 MB.
System memory in use after: 77.7 MB.

Unloading 11 unused Assets to reduce memory usage. Loaded Objects now: 2154.
Total: 3.030400 ms (FindLiveObjects: 0.182000 ms CreateObjectMapping: 0.040800 ms MarkObjects: 2.786700 ms  DeleteObjects: 0.019600 ms)

AssetImportParameters requested are different than current active one (requested -> active):
  custom:framework-win-MediaFoundation: 216162199b28c13a410421893ffa2e32 -> 
  custom:video-decoder-ogg-theora: a1e56fd34408186e4bbccfd4996cb3dc -> 
  custom:container-muxer-webm: aa71ff27fc2769a1b78a27578f13a17b -> 
  custom:container-demuxer-webm: 4f35f7cbe854078d1ac9338744f61a02 -> 
  custom:container-demuxer-ogg: 62fdf1f143b41e24485cea50d1cbac27 -> 
  custom:video-encoder-webm-vp8: eb34c28f22e8b96e1ab97ce403110664 -> 
  custom:video-decoder-webm-vp8: 9c59270c3fd7afecdb556c50c9e8de78 -> 
  custom:audio-decoder-ogg-vorbis: bf7c407c2cedff20999df2af8eb42d56 -> 
  custom:audio-encoder-webm-vorbis: bf7c407c2cedff20999df2af8eb42d56 -> 
========================================================================
Received Import Request.
  Time since last request: 338.839152 seconds.
  path: Assets/Models/PR_Entry.prefab
  artifactKey: Guid(26d1c771a201c2745a7c15dfedbd8778) Importer(815301076,1909f56bfc062723c751e8b465ee728b)
Start importing Assets/Models/PR_Entry.prefab using Guid(26d1c771a201c2745a7c15dfedbd8778) Importer(815301076,1909f56bfc062723c751e8b465ee728b)  -> (artifact id: '18010ad01d2179331104226b13c27b61') in 0.032077 seconds 
  Import took 0.035346 seconds .

========================================================================
Received Import Request.
  Time since last request: 82.690529 seconds.
  path: Assets/Models/Entry.fbx
  artifactKey: Guid(42601ef8037d0f449b4bfced94ce33e9) Importer(815301076,1909f56bfc062723c751e8b465ee728b)
Start importing Assets/Models/Entry.fbx using Guid(42601ef8037d0f449b4bfced94ce33e9) Importer(815301076,1909f56bfc062723c751e8b465ee728b)  -> (artifact id: 'da8e4a9865a3fe86c6a55c6639dbfc42') in 0.183614 seconds 
  Import took 0.187733 seconds .

========================================================================
Received Import Request.
  Time since last request: 0.000218 seconds.
  path: Assets/Models/Wall.fbx
  artifactKey: Guid(8bd7aa43cb7dd39429880cc5407de701) Importer(815301076,1909f56bfc062723c751e8b465ee728b)
Start importing Assets/Models/Wall.fbx using Guid(8bd7aa43cb7dd39429880cc5407de701) Importer(815301076,1909f56bfc062723c751e8b465ee728b)  -> (artifact id: '086ff0389ed1adcf8a242589329bf7a5') in 0.047506 seconds 
  Import took 0.050791 seconds .

========================================================================
Received Import Request.
  Time since last request: 18.755868 seconds.
  path: Assets/Entry.fbx
  artifactKey: Guid(0fd24f8323358a04ab86c92c30289f6c) Importer(815301076,1909f56bfc062723c751e8b465ee728b)
Start importing Assets/Entry.fbx using Guid(0fd24f8323358a04ab86c92c30289f6c) Importer(815301076,1909f56bfc062723c751e8b465ee728b)  -> (artifact id: '1c36ad4d7eb1a9892bed8ce4ce3325dc') in 0.046718 seconds 
  Import took 0.050307 seconds .

========================================================================
Received Prepare
Registering precompiled user dll's ...
Registered in 0.002121 seconds.
Begin MonoManager ReloadAssembly
Native extension for WindowsStandalone target not found
Native extension for WebGL target not found
Refreshing native plugins compatible for Editor in 0.35 ms, found 2 plugins.
Preloading 0 native plugins for Editor in 0.00 ms.
Mono: successfully reloaded assembly
- Completed reload, in  0.867 seconds
Domain Reload Profiling:
	ReloadAssembly (868ms)
		BeginReloadAssembly (97ms)
			ExecutionOrderSort (0ms)
			DisableScriptedObjects (4ms)
			BackupInstance (0ms)
			ReleaseScriptingObjects (0ms)
			CreateAndSetChildDomain (28ms)
		EndReloadAssembly (713ms)
			LoadAssemblies (73ms)
			RebuildTransferFunctionScriptingTraits (0ms)
			SetupTypeCache (242ms)
			ReleaseScriptCaches (1ms)
			RebuildScriptCaches (33ms)
			SetupLoadedEditorAssemblies (276ms)
				LogAssemblyErrors (0ms)
				InitializePlatformSupportModulesInManaged (5ms)
				SetLoadedEditorAssemblies (0ms)
				RefreshPlugins (0ms)
				BeforeProcessingInitializeOnLoad (52ms)
				ProcessInitializeOnLoadAttributes (209ms)
				ProcessInitializeOnLoadMethodAttributes (3ms)
				AfterProcessingInitializeOnLoad (5ms)
				EditorAssembliesLoaded (0ms)
			ExecutionOrderSort2 (0ms)
			AwakeInstancesAfterBackupRestoration (6ms)
Platform modules already initialized, skipping
Refreshing native plugins compatible for Editor in 0.36 ms, found 2 plugins.
Preloading 0 native plugins for Editor in 0.00 ms.
Unloading 1660 Unused Serialized files (Serialized files now loaded: 0)
System memory in use before: 77.6 MB.
System memory in use after: 77.8 MB.

Unloading 11 unused Assets to reduce memory usage. Loaded Objects now: 2157.
Total: 2.885100 ms (FindLiveObjects: 0.262700 ms CreateObjectMapping: 0.075000 ms MarkObjects: 2.526800 ms  DeleteObjects: 0.018500 ms)

AssetImportParameters requested are different than current active one (requested -> active):
  custom:framework-win-MediaFoundation: 216162199b28c13a410421893ffa2e32 -> 
  custom:video-decoder-ogg-theora: a1e56fd34408186e4bbccfd4996cb3dc -> 
  custom:container-muxer-webm: aa71ff27fc2769a1b78a27578f13a17b -> 
  custom:container-demuxer-webm: 4f35f7cbe854078d1ac9338744f61a02 -> 
  custom:container-demuxer-ogg: 62fdf1f143b41e24485cea50d1cbac27 -> 
  custom:video-encoder-webm-vp8: eb34c28f22e8b96e1ab97ce403110664 -> 
  custom:video-decoder-webm-vp8: 9c59270c3fd7afecdb556c50c9e8de78 -> 
  custom:audio-decoder-ogg-vorbis: bf7c407c2cedff20999df2af8eb42d56 -> 
  custom:audio-encoder-webm-vorbis: bf7c407c2cedff20999df2af8eb42d56 -> 
========================================================================
Received Import Request.
  Time since last request: 256.716902 seconds.
  path: Assets/Models/PR_Wall.prefab
  artifactKey: Guid(87e526109f16fbe488c63d11d045f904) Importer(815301076,1909f56bfc062723c751e8b465ee728b)
Start importing Assets/Models/PR_Wall.prefab using Guid(87e526109f16fbe488c63d11d045f904) Importer(815301076,1909f56bfc062723c751e8b465ee728b)  -> (artifact id: '1206b63175cb1fc2b4767512a194a6a5') in 0.071378 seconds 
  Import took 0.074182 seconds .

========================================================================
Received Import Request.
  Time since last request: 0.825682 seconds.
  path: Assets/Models/PR_Entry.prefab
  artifactKey: Guid(26d1c771a201c2745a7c15dfedbd8778) Importer(815301076,1909f56bfc062723c751e8b465ee728b)
Start importing Assets/Models/PR_Entry.prefab using Guid(26d1c771a201c2745a7c15dfedbd8778) Importer(815301076,1909f56bfc062723c751e8b465ee728b)  -> (artifact id: 'f1e735afb605c12edd7b798a1c5221bd') in 0.015620 seconds 
  Import took 0.019360 seconds .

AssetImportWorkerClient::OnTransportError - code=2 error=End of file
